<?xml version="1.0" encoding="UTF-8"?>
<testsuite xmlns:xsi="http://www.w3.org/2001/XMLSchema-instance" xsi:noNamespaceSchemaLocation="https://maven.apache.org/surefire/maven-surefire-plugin/xsd/surefire-test-report-3.0.xsd" version="3.0" name="testRunner.TestRun" time="48.113" tests="6" errors="2" skipped="0" failures="2">
  <properties>
[...]
</properties>
  <testcase name="Successful Login with Valid Credentials" classname="Login" time="10.503">
    <system-out><![CDATA[
Scenario: Successful Login with Valid Credentials                         # Features/Login.feature:3
  Given User launch chrome browser                                        # stepDefinitions.steps.user_launch_chrome_browser()
  When User opens Url "https://admin-demo.nopcommerce.com/login"          # stepDefinitions.steps.user_opens_url(java.lang.String)
  And User enters Emails as "admin@yourstore.com" and Password as "admin" # stepDefinitions.steps.user_enters_emails_as_and_password_as(java.lang.String,java.lang.String)
  And Click on login                                                      # stepDefinitions.steps.click_on_login()
  Then Page Title should be "Dashboard / nopCommerce administration"      # stepDefinitions.steps.page_title_should_be(java.lang.String)
  When User click on Logout link                                          # stepDefinitions.steps.user_click_on_logout_link()
  Then Page Title should be "nopCommerce demo store. Login"               # stepDefinitions.steps.page_title_should_be(java.lang.String)
  And close browser                                                       # stepDefinitions.steps.close_browser()
]]></system-out>
    <system-err><![CDATA[Aug 03, 2025 8:34:35 PM org.openqa.selenium.devtools.CdpVersionFinder findNearestMatch
WARNING: Unable to find CDP implementation matching 138
Aug 03, 2025 8:34:35 PM org.openqa.selenium.chromium.ChromiumDriver lambda$new$5
WARNING: Unable to find version of CDP to use for 138.0.7204.184. You may need to include a dependency on a specific version of the CDP using something similar to `org.seleniumhq.selenium:selenium-devtools-v86:4.21.0` where the version ("v86") matches the version of the chromium-based browser you're using and the version number of the artifact is the same as Selenium's.
Aug 03, 2025 8:34:40 PM org.openqa.selenium.remote.http.WebSocket$Listener onError
WARNING: Connection reset
java.net.SocketException: Connection reset
	at java.base/sun.nio.ch.SocketChannelImpl.throwConnectionReset(SocketChannelImpl.java:394)
	at java.base/sun.nio.ch.SocketChannelImpl.read(SocketChannelImpl.java:426)
	at java.net.http/jdk.internal.net.http.SocketTube.readAvailable(SocketTube.java:1170)
	at java.net.http/jdk.internal.net.http.SocketTube$InternalReadPublisher$InternalReadSubscription.read(SocketTube.java:833)
	at java.net.http/jdk.internal.net.http.SocketTube$SocketFlowTask.run(SocketTube.java:181)
	at java.net.http/jdk.internal.net.http.common.SequentialScheduler$SchedulableTask.run(SequentialScheduler.java:230)
	at java.net.http/jdk.internal.net.http.common.SequentialScheduler.runOrSchedule(SequentialScheduler.java:303)
	at java.net.http/jdk.internal.net.http.common.SequentialScheduler.runOrSchedule(SequentialScheduler.java:256)
	at java.net.http/jdk.internal.net.http.SocketTube$InternalReadPublisher$InternalReadSubscription.signalReadable(SocketTube.java:774)
	at java.net.http/jdk.internal.net.http.SocketTube$InternalReadPublisher$ReadEvent.signalEvent(SocketTube.java:957)
	at java.net.http/jdk.internal.net.http.SocketTube$SocketFlowEvent.handle(SocketTube.java:253)
	at java.net.http/jdk.internal.net.http.HttpClientImpl$SelectorManager.handleEvent(HttpClientImpl.java:982)
	at java.net.http/jdk.internal.net.http.HttpClientImpl$SelectorManager.lambda$run$3(HttpClientImpl.java:937)
	at java.base/java.util.ArrayList.forEach(ArrayList.java:1511)
	at java.net.http/jdk.internal.net.http.HttpClientImpl$SelectorManager.run(HttpClientImpl.java:937)

]]></system-err>
  </testcase>
  <testcase name="Login with Data Driven #1" classname="Login" time="6.147">
    <error message="The step &apos;Page Title after logout should be &quot;nopCommerce demo store. Login&quot;&apos; is undefined.&#10;You can implement this step using the snippet(s) below:&#10;&#10;@Then(&quot;Page Title after logout should be {string}&quot;)&#10;public void page_title_after_logout_should_be(String string) {&#10;    // Write code here that turns the phrase above into concrete actions&#10;    throw new io.cucumber.java.PendingException();&#10;}&#10;" type="io.cucumber.junit.UndefinedStepException"><![CDATA[io.cucumber.junit.UndefinedStepException: 
The step 'Page Title after logout should be "nopCommerce demo store. Login"' is undefined.
You can implement this step using the snippet(s) below:

@Then("Page Title after logout should be {string}")
public void page_title_after_logout_should_be(String string) {
    // Write code here that turns the phrase above into concrete actions
    throw new io.cucumber.java.PendingException();
}

]]></error>
    <system-out><![CDATA[
Scenario Outline: Login with Data Driven                                  # Features/Login.feature:25
  Given User launch chrome browser                                        # stepDefinitions.steps.user_launch_chrome_browser()
  When User opens Url "https://admin-demo.nopcommerce.com/login"          # stepDefinitions.steps.user_opens_url(java.lang.String)
  And User enters Emails as "admin@yourstore.com" and Password as "admin" # stepDefinitions.steps.user_enters_emails_as_and_password_as(java.lang.String,java.lang.String)
  And Click on login                                                      # stepDefinitions.steps.click_on_login()
  Then Page Title should be "Dashboard / nopCommerce administration"      # stepDefinitions.steps.page_title_should_be(java.lang.String)
  When User click on Logout link                                          # stepDefinitions.steps.user_click_on_logout_link()
  Then Page Title after logout should be "nopCommerce demo store. Login"
  And close browser                                                       # stepDefinitions.steps.close_browser()
]]></system-out>
    <system-err><![CDATA[Aug 03, 2025 8:34:41 PM org.openqa.selenium.devtools.CdpVersionFinder findNearestMatch
WARNING: Unable to find CDP implementation matching 138
Aug 03, 2025 8:34:41 PM org.openqa.selenium.chromium.ChromiumDriver lambda$new$5
WARNING: Unable to find version of CDP to use for 138.0.7204.184. You may need to include a dependency on a specific version of the CDP using something similar to `org.seleniumhq.selenium:selenium-devtools-v86:4.21.0` where the version ("v86") matches the version of the chromium-based browser you're using and the version number of the artifact is the same as Selenium's.
]]></system-err>
  </testcase>
  <testcase name="Login with Data Driven #2" classname="Login" time="3.804">
    <failure message="expected:&lt;[nopCommerce demo store. Logi]n&gt; but was:&lt;[Dashboard / nopCommerce administratio]n&gt;" type="org.junit.ComparisonFailure"><![CDATA[org.junit.ComparisonFailure: expected:<[nopCommerce demo store. Logi]n> but was:<[Dashboard / nopCommerce administratio]n>
	at org.junit.Assert.assertEquals(Assert.java:117)
	at org.junit.Assert.assertEquals(Assert.java:146)
	at stepDefinitions.steps.page_title_should_be(steps.java:66)
	at ✽.Page Title should be "Dashboard / nopCommerce administration"(file:///D:/Ecllipse/nocommerce_v1_cucumber/./Features/Login.feature:18)
]]></failure>
    <system-out><![CDATA[
Scenario Outline: Login with Data Driven                                    # Features/Login.feature:26
  Given User launch chrome browser                                          # stepDefinitions.steps.user_launch_chrome_browser()
  When User opens Url "https://admin-demo.nopcommerce.com/login"            # stepDefinitions.steps.user_opens_url(java.lang.String)
  And User enters Emails as "admin1@yourstore.com" and Password as "admint" # stepDefinitions.steps.user_enters_emails_as_and_password_as(java.lang.String,java.lang.String)
  And Click on login                                                        # stepDefinitions.steps.click_on_login()
  Then Page Title should be "Dashboard / nopCommerce administration"        # stepDefinitions.steps.page_title_should_be(java.lang.String)
      org.junit.ComparisonFailure: expected:<[nopCommerce demo store. Logi]n> but was:<[Dashboard / nopCommerce administratio]n>
	at org.junit.Assert.assertEquals(Assert.java:117)
	at org.junit.Assert.assertEquals(Assert.java:146)
	at stepDefinitions.steps.page_title_should_be(steps.java:66)
	at âœ½.Page Title should be "Dashboard / nopCommerce administration"(file:///D:/Ecllipse/nocommerce_v1_cucumber/./Features/Login.feature:18)

  When User click on Logout link                                            # stepDefinitions.steps.user_click_on_logout_link()
  Then Page Title after logout should be "nopCommerce demo store. Login"
  And close browser                                                         # stepDefinitions.steps.close_browser()
]]></system-out>
    <system-err><![CDATA[Aug 03, 2025 8:34:47 PM org.openqa.selenium.devtools.CdpVersionFinder findNearestMatch
WARNING: Unable to find CDP implementation matching 138
Aug 03, 2025 8:34:47 PM org.openqa.selenium.chromium.ChromiumDriver lambda$new$5
WARNING: Unable to find version of CDP to use for 138.0.7204.184. You may need to include a dependency on a specific version of the CDP using something similar to `org.seleniumhq.selenium:selenium-devtools-v86:4.21.0` where the version ("v86") matches the version of the chromium-based browser you're using and the version number of the artifact is the same as Selenium's.
]]></system-err>
  </testcase>
  <testcase name="Add a new Customer" classname="Customers" time="10.052">
    <error message="no such element: Unable to locate element: {&quot;method&quot;:&quot;xpath&quot;,&quot;selector&quot;:&quot;//div[@class=&apos;alert alert-success alert-dismissable&apos;]&quot;}&#10;  (Session info: chrome=138.0.7204.184)&#10;For documentation on this error, please visit: https://www.selenium.dev/documentation/webdriver/troubleshooting/errors#no-such-element-exception&#10;Build info: version: &apos;4.21.0&apos;, revision: &apos;79ed462ef4&apos;&#10;System info: os.name: &apos;Windows 10&apos;, os.arch: &apos;amd64&apos;, os.version: &apos;10.0&apos;, java.version: &apos;17.0.12&apos;&#10;Driver info: org.openqa.selenium.chrome.ChromeDriver&#10;Command: [5c7248ede6f2f3915547d9ac3afa7a42, findElement {value=//div[@class=&apos;alert alert-success alert-dismissable&apos;], using=xpath}]&#10;Capabilities {acceptInsecureCerts: false, browserName: chrome, browserVersion: 138.0.7204.184, chrome: {chromedriverVersion: 138.0.7204.183 (e90faf484dd..., userDataDir: C:\Users\dell\AppData\Local...}, fedcm:accounts: true, goog:chromeOptions: {debuggerAddress: localhost:56494}, networkConnectionEnabled: false, pageLoadStrategy: normal, platformName: windows, proxy: Proxy(), se:cdp: ws://localhost:56494/devtoo..., se:cdpVersion: 138.0.7204.184, setWindowRect: true, strictFileInteractability: false, timeouts: {implicit: 0, pageLoad: 300000, script: 30000}, unhandledPromptBehavior: dismiss and notify, webauthn:extension:credBlob: true, webauthn:extension:largeBlob: true, webauthn:extension:minPinLength: true, webauthn:extension:prf: true, webauthn:virtualAuthenticators: true}&#10;Session ID: 5c7248ede6f2f3915547d9ac3afa7a42" type="org.openqa.selenium.NoSuchElementException"><![CDATA[org.openqa.selenium.NoSuchElementException: 
no such element: Unable to locate element: {"method":"xpath","selector":"//div[@class='alert alert-success alert-dismissable']"}
  (Session info: chrome=138.0.7204.184)
For documentation on this error, please visit: https://www.selenium.dev/documentation/webdriver/troubleshooting/errors#no-such-element-exception
Build info: version: '4.21.0', revision: '79ed462ef4'
System info: os.name: 'Windows 10', os.arch: 'amd64', os.version: '10.0', java.version: '17.0.12'
Driver info: org.openqa.selenium.chrome.ChromeDriver
Command: [5c7248ede6f2f3915547d9ac3afa7a42, findElement {value=//div[@class='alert alert-success alert-dismissable'], using=xpath}]
Capabilities {acceptInsecureCerts: false, browserName: chrome, browserVersion: 138.0.7204.184, chrome: {chromedriverVersion: 138.0.7204.183 (e90faf484dd..., userDataDir: C:\Users\dell\AppData\Local...}, fedcm:accounts: true, goog:chromeOptions: {debuggerAddress: localhost:56494}, networkConnectionEnabled: false, pageLoadStrategy: normal, platformName: windows, proxy: Proxy(), se:cdp: ws://localhost:56494/devtoo..., se:cdpVersion: 138.0.7204.184, setWindowRect: true, strictFileInteractability: false, timeouts: {implicit: 0, pageLoad: 300000, script: 30000}, unhandledPromptBehavior: dismiss and notify, webauthn:extension:credBlob: true, webauthn:extension:largeBlob: true, webauthn:extension:minPinLength: true, webauthn:extension:prf: true, webauthn:virtualAuthenticators: true}
Session ID: 5c7248ede6f2f3915547d9ac3afa7a42
	at java.base/jdk.internal.reflect.NativeConstructorAccessorImpl.newInstance0(Native Method)
	at java.base/jdk.internal.reflect.NativeConstructorAccessorImpl.newInstance(NativeConstructorAccessorImpl.java:77)
	at java.base/jdk.internal.reflect.DelegatingConstructorAccessorImpl.newInstance(DelegatingConstructorAccessorImpl.java:45)
	at java.base/java.lang.reflect.Constructor.newInstanceWithCaller(Constructor.java:499)
	at java.base/java.lang.reflect.Constructor.newInstance(Constructor.java:480)
	at org.openqa.selenium.remote.ErrorCodec.decode(ErrorCodec.java:167)
	at org.openqa.selenium.remote.codec.w3c.W3CHttpResponseCodec.decode(W3CHttpResponseCodec.java:138)
	at org.openqa.selenium.remote.codec.w3c.W3CHttpResponseCodec.decode(W3CHttpResponseCodec.java:50)
	at org.openqa.selenium.remote.HttpCommandExecutor.execute(HttpCommandExecutor.java:190)
	at org.openqa.selenium.remote.service.DriverCommandExecutor.invokeExecute(DriverCommandExecutor.java:216)
	at org.openqa.selenium.remote.service.DriverCommandExecutor.execute(DriverCommandExecutor.java:174)
	at org.openqa.selenium.remote.RemoteWebDriver.execute(RemoteWebDriver.java:518)
	at org.openqa.selenium.remote.ElementLocation$ElementFinder$2.findElement(ElementLocation.java:165)
	at org.openqa.selenium.remote.ElementLocation.findElement(ElementLocation.java:59)
	at org.openqa.selenium.remote.RemoteWebDriver.findElement(RemoteWebDriver.java:355)
	at org.openqa.selenium.remote.RemoteWebDriver.findElement(RemoteWebDriver.java:349)
	at pageObjects.AddCustomerPage.confirmMessage(AddCustomerPage.java:189)
	at stepDefinitions.steps.user_can_view_confirmation_message(steps.java:137)
	at ✽.User can view confirmation message "The new customer has been added successfully."(file:///D:/Ecllipse/nocommerce_v1_cucumber/./Features/customers.feature:14)
]]></error>
    <system-out><![CDATA[
Scenario: Add a new Customer                                                              # Features/customers.feature:3
  Given User launch chrome browser                                                        # stepDefinitions.steps.user_launch_chrome_browser()
  When User opens Url "https://admin-demo.nopcommerce.com/login"                          # stepDefinitions.steps.user_opens_url(java.lang.String)
  And User enters Emails as "admin@yourstore.com" and Password as "admin"                 # stepDefinitions.steps.user_enters_emails_as_and_password_as(java.lang.String,java.lang.String)
  And Click on login                                                                      # stepDefinitions.steps.click_on_login()
  Then User can view Dashboard                                                            # stepDefinitions.steps.user_can_view_dashboard()
  When User click on customers Menu                                                       # stepDefinitions.steps.user_click_on_customers_menu()
  And click on customers Menu Item                                                        # stepDefinitions.steps.click_on_customers_menu_item()
  And click on Add new button                                                             # stepDefinitions.steps.click_on_add_new_button()
  Then User enter customer info                                                           # stepDefinitions.steps.user_enter_customer_info()
  And click on Save button                                                                # stepDefinitions.steps.click_on_save_button()
  Then User can view confirmation message "The new customer has been added successfully." # stepDefinitions.steps.user_can_view_confirmation_message(java.lang.String)
      org.openqa.selenium.NoSuchElementException: no such element: Unable to locate element: {"method":"xpath","selector":"//div[@class='alert alert-success alert-dismissable']"}
  (Session info: chrome=138.0.7204.184)
For documentation on this error, please visit: https://www.selenium.dev/documentation/webdriver/troubleshooting/errors#no-such-element-exception
Build info: version: '4.21.0', revision: '79ed462ef4'
System info: os.name: 'Windows 10', os.arch: 'amd64', os.version: '10.0', java.version: '17.0.12'
Driver info: org.openqa.selenium.chrome.ChromeDriver
Command: [5c7248ede6f2f3915547d9ac3afa7a42, findElement {value=//div[@class='alert alert-success alert-dismissable'], using=xpath}]
Capabilities {acceptInsecureCerts: false, browserName: chrome, browserVersion: 138.0.7204.184, chrome: {chromedriverVersion: 138.0.7204.183 (e90faf484dd..., userDataDir: C:\Users\dell\AppData\Local...}, fedcm:accounts: true, goog:chromeOptions: {debuggerAddress: localhost:56494}, networkConnectionEnabled: false, pageLoadStrategy: normal, platformName: windows, proxy: Proxy(), se:cdp: ws://localhost:56494/devtoo..., se:cdpVersion: 138.0.7204.184, setWindowRect: true, strictFileInteractability: false, timeouts: {implicit: 0, pageLoad: 300000, script: 30000}, unhandledPromptBehavior: dismiss and notify, webauthn:extension:credBlob: true, webauthn:extension:largeBlob: true, webauthn:extension:minPinLength: true, webauthn:extension:prf: true, webauthn:virtualAuthenticators: true}
Session ID: 5c7248ede6f2f3915547d9ac3afa7a42
	at java.base/jdk.internal.reflect.NativeConstructorAccessorImpl.newInstance0(Native Method)
	at java.base/jdk.internal.reflect.NativeConstructorAccessorImpl.newInstance(NativeConstructorAccessorImpl.java:77)
	at java.base/jdk.internal.reflect.DelegatingConstructorAccessorImpl.newInstance(DelegatingConstructorAccessorImpl.java:45)
	at java.base/java.lang.reflect.Constructor.newInstanceWithCaller(Constructor.java:499)
	at java.base/java.lang.reflect.Constructor.newInstance(Constructor.java:480)
	at org.openqa.selenium.remote.ErrorCodec.decode(ErrorCodec.java:167)
	at org.openqa.selenium.remote.codec.w3c.W3CHttpResponseCodec.decode(W3CHttpResponseCodec.java:138)
	at org.openqa.selenium.remote.codec.w3c.W3CHttpResponseCodec.decode(W3CHttpResponseCodec.java:50)
	at org.openqa.selenium.remote.HttpCommandExecutor.execute(HttpCommandExecutor.java:190)
	at org.openqa.selenium.remote.service.DriverCommandExecutor.invokeExecute(DriverCommandExecutor.java:216)
	at org.openqa.selenium.remote.service.DriverCommandExecutor.execute(DriverCommandExecutor.java:174)
	at org.openqa.selenium.remote.RemoteWebDriver.execute(RemoteWebDriver.java:518)
	at org.openqa.selenium.remote.ElementLocation$ElementFinder$2.findElement(ElementLocation.java:165)
	at org.openqa.selenium.remote.ElementLocation.findElement(ElementLocation.java:59)
	at org.openqa.selenium.remote.RemoteWebDriver.findElement(RemoteWebDriver.java:355)
	at org.openqa.selenium.remote.RemoteWebDriver.findElement(RemoteWebDriver.java:349)
	at pageObjects.AddCustomerPage.confirmMessage(AddCustomerPage.java:189)
	at stepDefinitions.steps.user_can_view_confirmation_message(steps.java:137)
	at âœ½.User can view confirmation message "The new customer has been added successfully."(file:///D:/Ecllipse/nocommerce_v1_cucumber/./Features/customers.feature:14)

  And close browser                                                                       # stepDefinitions.steps.close_browser()
]]></system-out>
    <system-err><![CDATA[Aug 03, 2025 8:34:51 PM org.openqa.selenium.devtools.CdpVersionFinder findNearestMatch
WARNING: Unable to find CDP implementation matching 138
Aug 03, 2025 8:34:51 PM org.openqa.selenium.chromium.ChromiumDriver lambda$new$5
WARNING: Unable to find version of CDP to use for 138.0.7204.184. You may need to include a dependency on a specific version of the CDP using something similar to `org.seleniumhq.selenium:selenium-devtools-v86:4.21.0` where the version ("v86") matches the version of the chromium-based browser you're using and the version number of the artifact is the same as Selenium's.
]]></system-err>
  </testcase>
  <testcase name="Search Customer by EmailId" classname="Customers" time="7.134">
    <system-out><![CDATA[
Scenario: Search Customer by EmailId                                      # Features/customers.feature:17
  Given User launch chrome browser                                        # stepDefinitions.steps.user_launch_chrome_browser()
  When User opens Url "https://admin-demo.nopcommerce.com/login"          # stepDefinitions.steps.user_opens_url(java.lang.String)
  And User enters Emails as "admin@yourstore.com" and Password as "admin" # stepDefinitions.steps.user_enters_emails_as_and_password_as(java.lang.String,java.lang.String)
  And Click on login                                                      # stepDefinitions.steps.click_on_login()
  Then User can view Dashboard                                            # stepDefinitions.steps.user_can_view_dashboard()
  When User click on customers Menu                                       # stepDefinitions.steps.user_click_on_customers_menu()
  And click on customers Menu Item                                        # stepDefinitions.steps.click_on_customers_menu_item()
  And Enter customer Email                                                # stepDefinitions.steps.enter_customer_email()
  When Click on search button                                             # stepDefinitions.steps.click_on_search_button()
victoria_victoria@nopCommerce.com
  Then User should found Email in the Search table                        # stepDefinitions.steps.user_should_found_email_in_the_searcg_table()
  And close browser                                                       # stepDefinitions.steps.close_browser()
]]></system-out>
    <system-err><![CDATA[Aug 03, 2025 8:35:01 PM org.openqa.selenium.devtools.CdpVersionFinder findNearestMatch
WARNING: Unable to find CDP implementation matching 138
Aug 03, 2025 8:35:01 PM org.openqa.selenium.chromium.ChromiumDriver lambda$new$5
WARNING: Unable to find version of CDP to use for 138.0.7204.184. You may need to include a dependency on a specific version of the CDP using something similar to `org.seleniumhq.selenium:selenium-devtools-v86:4.21.0` where the version ("v86") matches the version of the chromium-based browser you're using and the version number of the artifact is the same as Selenium's.
Aug 03, 2025 8:35:07 PM org.openqa.selenium.remote.http.WebSocket$Listener onError
WARNING: Connection reset
java.net.SocketException: Connection reset
	at java.base/sun.nio.ch.SocketChannelImpl.throwConnectionReset(SocketChannelImpl.java:394)
	at java.base/sun.nio.ch.SocketChannelImpl.read(SocketChannelImpl.java:426)
	at java.net.http/jdk.internal.net.http.SocketTube.readAvailable(SocketTube.java:1170)
	at java.net.http/jdk.internal.net.http.SocketTube$InternalReadPublisher$InternalReadSubscription.read(SocketTube.java:833)
	at java.net.http/jdk.internal.net.http.SocketTube$SocketFlowTask.run(SocketTube.java:181)
	at java.net.http/jdk.internal.net.http.common.SequentialScheduler$SchedulableTask.run(SequentialScheduler.java:230)
	at java.net.http/jdk.internal.net.http.common.SequentialScheduler.runOrSchedule(SequentialScheduler.java:303)
	at java.net.http/jdk.internal.net.http.common.SequentialScheduler.runOrSchedule(SequentialScheduler.java:256)
	at java.net.http/jdk.internal.net.http.SocketTube$InternalReadPublisher$InternalReadSubscription.signalReadable(SocketTube.java:774)
	at java.net.http/jdk.internal.net.http.SocketTube$InternalReadPublisher$ReadEvent.signalEvent(SocketTube.java:957)
	at java.net.http/jdk.internal.net.http.SocketTube$SocketFlowEvent.handle(SocketTube.java:253)
	at java.net.http/jdk.internal.net.http.HttpClientImpl$SelectorManager.handleEvent(HttpClientImpl.java:982)
	at java.net.http/jdk.internal.net.http.HttpClientImpl$SelectorManager.lambda$run$3(HttpClientImpl.java:937)
	at java.base/java.util.ArrayList.forEach(ArrayList.java:1511)
	at java.net.http/jdk.internal.net.http.HttpClientImpl$SelectorManager.run(HttpClientImpl.java:937)

]]></system-err>
  </testcase>
  <testcase name="Search Customer by Name" classname="Customers" time="8.564">
    <failure message="expected:&lt;true&gt; but was:&lt;false&gt;" type="java.lang.AssertionError"><![CDATA[java.lang.AssertionError: expected:<true> but was:<false>
	at org.junit.Assert.fail(Assert.java:89)
	at org.junit.Assert.failNotEquals(Assert.java:835)
	at org.junit.Assert.assertEquals(Assert.java:120)
	at org.junit.Assert.assertEquals(Assert.java:146)
	at stepDefinitions.steps.user_should_found_name_in_the_search_table(steps.java:171)
	at ✽.User should found Name in the Search table(file:///D:/Ecllipse/nocommerce_v1_cucumber/./Features/customers.feature:41)
]]></failure>
    <system-out><![CDATA[
Scenario: Search Customer by Name                                         # Features/customers.feature:30
  Given User launch chrome browser                                        # stepDefinitions.steps.user_launch_chrome_browser()
  When User opens Url "https://admin-demo.nopcommerce.com/login"          # stepDefinitions.steps.user_opens_url(java.lang.String)
  And User enters Emails as "admin@yourstore.com" and Password as "admin" # stepDefinitions.steps.user_enters_emails_as_and_password_as(java.lang.String,java.lang.String)
  And Click on login                                                      # stepDefinitions.steps.click_on_login()
  Then User can view Dashboard                                            # stepDefinitions.steps.user_can_view_dashboard()
  When User click on customers Menu                                       # stepDefinitions.steps.user_click_on_customers_menu()
  And click on customers Menu Item                                        # stepDefinitions.steps.click_on_customers_menu_item()
  And Enter customer FirstName                                            # stepDefinitions.steps.enter_customer_first_name()
  And Enter customer LastName                                             # stepDefinitions.steps.enter_customer_last_name()
  When Click on search button                                             # stepDefinitions.steps.click_on_search_button()
  Then User should found Name in the Search table                         # stepDefinitions.steps.user_should_found_name_in_the_search_table()
      java.lang.AssertionError: expected:<true> but was:<false>
	at org.junit.Assert.fail(Assert.java:89)
	at org.junit.Assert.failNotEquals(Assert.java:835)
	at org.junit.Assert.assertEquals(Assert.java:120)
	at org.junit.Assert.assertEquals(Assert.java:146)
	at stepDefinitions.steps.user_should_found_name_in_the_search_table(steps.java:171)
	at âœ½.User should found Name in the Search table(file:///D:/Ecllipse/nocommerce_v1_cucumber/./Features/customers.feature:41)

  And close browser                                                       # stepDefinitions.steps.close_browser()
]]></system-out>
    <system-err><![CDATA[Aug 03, 2025 8:35:08 PM org.openqa.selenium.devtools.CdpVersionFinder findNearestMatch
WARNING: Unable to find CDP implementation matching 138
Aug 03, 2025 8:35:08 PM org.openqa.selenium.chromium.ChromiumDriver lambda$new$5
WARNING: Unable to find version of CDP to use for 138.0.7204.184. You may need to include a dependency on a specific version of the CDP using something similar to `org.seleniumhq.selenium:selenium-devtools-v86:4.21.0` where the version ("v86") matches the version of the chromium-based browser you're using and the version number of the artifact is the same as Selenium's.
]]></system-err>
  </testcase>
</testsuite>